# JRE version: Java(TM) SE Runtime Environment (8.0_131-b11) (build 1.8.0_131-b11)
# Java VM: Java HotSpot(TM) 64-Bit Server VM (25.131-b11 mixed mode windows-amd64 compressed oops)
Heap:
 PSYoungGen      total 123904K, used 8522K [0x00000000eab00000, 0x00000000f3880000, 0x0000000100000000)
  eden space 113152K, 7% used [0x00000000eab00000,0x00000000eb352898,0x00000000f1980000)
  from space 10752K, 0% used [0x00000000f1980000,0x00000000f1980000,0x00000000f2400000)
  to   space 10752K, 0% used [0x00000000f2e00000,0x00000000f2e00000,0x00000000f3880000)
 ParOldGen       total 89088K, used 42205K [0x00000000c0000000, 0x00000000c5700000, 0x00000000eab00000)
  object space 89088K, 47% used [0x00000000c0000000,0x00000000c2937718,0x00000000c5700000)
 Metaspace       used 47162K, capacity 48318K, committed 48640K, reserved 1091584K
  class space    used 6511K, capacity 6845K, committed 6912K, reserved 1048576K
GC Heap History (10 events):
Event: 261.620 GC heap before
{Heap before GC invocations=23 (full 2):
 PSYoungGen      total 102912K, used 102880K [0x00000000eab00000, 0x00000000f2980000, 0x0000000100000000)
  eden space 95232K, 100% used [0x00000000eab00000,0x00000000f0800000,0x00000000f0800000)
  from space 7680K, 99% used [0x00000000f1280000,0x00000000f19f8010,0x00000000f1a00000)
  to   space 10752K, 0% used [0x00000000f0800000,0x00000000f0800000,0x00000000f1280000)
 ParOldGen       total 50688K, used 30256K [0x00000000c0000000, 0x00000000c3180000, 0x00000000eab00000)
  object space 50688K, 59% used [0x00000000c0000000,0x00000000c1d8c278,0x00000000c3180000)
 Metaspace       used 46105K, capacity 47184K, committed 47488K, reserved 1089536K
  class space    used 6374K, capacity 6688K, committed 6784K, reserved 1048576K
Event: 261.677 GC heap after
Heap after GC invocations=23 (full 2):
 PSYoungGen      total 105984K, used 6484K [0x00000000eab00000, 0x00000000f3100000, 0x0000000100000000)
  eden space 95232K, 0% used [0x00000000eab00000,0x00000000eab00000,0x00000000f0800000)
  from space 10752K, 60% used [0x00000000f0800000,0x00000000f0e55030,0x00000000f1280000)
  to   space 10752K, 0% used [0x00000000f2680000,0x00000000f2680000,0x00000000f3100000)
 ParOldGen       total 50688K, used 37940K [0x00000000c0000000, 0x00000000c3180000, 0x00000000eab00000)
  object space 50688K, 74% used [0x00000000c0000000,0x00000000c250d338,0x00000000c3180000)
 Metaspace       used 46105K, capacity 47184K, committed 47488K, reserved 1089536K
  class space    used 6374K, capacity 6688K, committed 6784K, reserved 1048576K
}
Event: 336.178 GC heap before
{Heap before GC invocations=24 (full 2):
 PSYoungGen      total 105984K, used 101716K [0x00000000eab00000, 0x00000000f3100000, 0x0000000100000000)
  eden space 95232K, 100% used [0x00000000eab00000,0x00000000f0800000,0x00000000f0800000)
  from space 10752K, 60% used [0x00000000f0800000,0x00000000f0e55030,0x00000000f1280000)
  to   space 10752K, 0% used [0x00000000f2680000,0x00000000f2680000,0x00000000f3100000)
 ParOldGen       total 50688K, used 37940K [0x00000000c0000000, 0x00000000c3180000, 0x00000000eab00000)
  object space 50688K, 74% used [0x00000000c0000000,0x00000000c250d338,0x00000000c3180000)
 Metaspace       used 46573K, capacity 47708K, committed 47744K, reserved 1089536K
  class space    used 6455K, capacity 6754K, committed 6784K, reserved 1048576K
Event: 336.211 GC heap after
Heap after GC invocations=24 (full 2):
 PSYoungGen      total 121344K, used 2560K [0x00000000eab00000, 0x00000000f2e80000, 0x0000000100000000)
  eden space 113152K, 0% used [0x00000000eab00000,0x00000000eab00000,0x00000000f1980000)
  from space 8192K, 31% used [0x00000000f2680000,0x00000000f2900000,0x00000000f2e80000)
  to   space 10752K, 0% used [0x00000000f1980000,0x00000000f1980000,0x00000000f2400000)
 ParOldGen       total 50688K, used 43284K [0x00000000c0000000, 0x00000000c3180000, 0x00000000eab00000)
  object space 50688K, 85% used [0x00000000c0000000,0x00000000c2a453c8,0x00000000c3180000)
 Metaspace       used 46573K, capacity 47708K, committed 47744K, reserved 1089536K
  class space    used 6455K, capacity 6754K, committed 6784K, reserved 1048576K
}
Event: 336.211 GC heap before
{Heap before GC invocations=25 (full 3):
 PSYoungGen      total 121344K, used 2560K [0x00000000eab00000, 0x00000000f2e80000, 0x0000000100000000)
  eden space 113152K, 0% used [0x00000000eab00000,0x00000000eab00000,0x00000000f1980000)
  from space 8192K, 31% used [0x00000000f2680000,0x00000000f2900000,0x00000000f2e80000)
  to   space 10752K, 0% used [0x00000000f1980000,0x00000000f1980000,0x00000000f2400000)
 ParOldGen       total 50688K, used 43284K [0x00000000c0000000, 0x00000000c3180000, 0x00000000eab00000)
  object space 50688K, 85% used [0x00000000c0000000,0x00000000c2a453c8,0x00000000c3180000)
 Metaspace       used 46573K, capacity 47708K, committed 47744K, reserved 1089536K
  class space    used 6455K, capacity 6754K, committed 6784K, reserved 1048576K
Event: 349.176 GC heap after
Heap after GC invocations=25 (full 3):
 PSYoungGen      total 121344K, used 0K [0x00000000eab00000, 0x00000000f2e80000, 0x0000000100000000)
  eden space 113152K, 0% used [0x00000000eab00000,0x00000000eab00000,0x00000000f1980000)
  from space 8192K, 0% used [0x00000000f2680000,0x00000000f2680000,0x00000000f2e80000)
  to   space 10752K, 0% used [0x00000000f1980000,0x00000000f1980000,0x00000000f2400000)
 ParOldGen       total 89088K, used 44181K [0x00000000c0000000, 0x00000000c5700000, 0x00000000eab00000)
  object space 89088K, 49% used [0x00000000c0000000,0x00000000c2b256b8,0x00000000c5700000)
 Metaspace       used 46573K, capacity 47708K, committed 47744K, reserved 1089536K
  class space    used 6455K, capacity 6754K, committed 6784K, reserved 1048576K
}
Event: 978.601 GC heap before
{Heap before GC invocations=26 (full 3):
 PSYoungGen      total 121344K, used 71349K [0x00000000eab00000, 0x00000000f2e80000, 0x0000000100000000)
  eden space 113152K, 63% used [0x00000000eab00000,0x00000000ef0ad7c0,0x00000000f1980000)
  from space 8192K, 0% used [0x00000000f2680000,0x00000000f2680000,0x00000000f2e80000)
  to   space 10752K, 0% used [0x00000000f1980000,0x00000000f1980000,0x00000000f2400000)
 ParOldGen       total 89088K, used 44181K [0x00000000c0000000, 0x00000000c5700000, 0x00000000eab00000)
  object space 89088K, 49% used [0x00000000c0000000,0x00000000c2b256b8,0x00000000c5700000)
 Metaspace       used 46970K, capacity 48072K, committed 48384K, reserved 1091584K
  class space    used 6490K, capacity 6788K, committed 6912K, reserved 1048576K
Event: 978.655 GC heap after
Heap after GC invocations=26 (full 3):
 PSYoungGen      total 123904K, used 1231K [0x00000000eab00000, 0x00000000f3880000, 0x0000000100000000)
  eden space 113152K, 0% used [0x00000000eab00000,0x00000000eab00000,0x00000000f1980000)
  from space 10752K, 11% used [0x00000000f1980000,0x00000000f1ab3d20,0x00000000f2400000)
  to   space 10752K, 0% used [0x00000000f2e00000,0x00000000f2e00000,0x00000000f3880000)
 ParOldGen       total 89088K, used 44189K [0x00000000c0000000, 0x00000000c5700000, 0x00000000eab00000)
  object space 89088K, 49% used [0x00000000c0000000,0x00000000c2b276b8,0x00000000c5700000)
 Metaspace       used 46970K, capacity 48072K, committed 48384K, reserved 1091584K
  class space    used 6490K, capacity 6788K, committed 6912K, reserved 1048576K
}
Event: 978.655 GC heap before
{Heap before GC invocations=27 (full 4):
 PSYoungGen      total 123904K, used 1231K [0x00000000eab00000, 0x00000000f3880000, 0x0000000100000000)
  eden space 113152K, 0% used [0x00000000eab00000,0x00000000eab00000,0x00000000f1980000)
  from space 10752K, 11% used [0x00000000f1980000,0x00000000f1ab3d20,0x00000000f2400000)
  to   space 10752K, 0% used [0x00000000f2e00000,0x00000000f2e00000,0x00000000f3880000)
 ParOldGen       total 89088K, used 44189K [0x00000000c0000000, 0x00000000c5700000, 0x00000000eab00000)
  object space 89088K, 49% used [0x00000000c0000000,0x00000000c2b276b8,0x00000000c5700000)
 Metaspace       used 46970K, capacity 48072K, committed 48384K, reserved 1091584K
  class space    used 6490K, capacity 6788K, committed 6912K, reserved 1048576K
Event: 979.954 GC heap after
Heap after GC invocations=27 (full 4):
 PSYoungGen      total 123904K, used 0K [0x00000000eab00000, 0x00000000f3880000, 0x0000000100000000)
  eden space 113152K, 0% used [0x00000000eab00000,0x00000000eab00000,0x00000000f1980000)
  from space 10752K, 0% used [0x00000000f1980000,0x00000000f1980000,0x00000000f2400000)
  to   space 10752K, 0% used [0x00000000f2e00000,0x00000000f2e00000,0x00000000f3880000)
 ParOldGen       total 89088K, used 42205K [0x00000000c0000000, 0x00000000c5700000, 0x00000000eab00000)
  object space 89088K, 47% used [0x00000000c0000000,0x00000000c2937718,0x00000000c5700000)
 Metaspace       used 46970K, capacity 48072K, committed 48384K, reserved 1091584K
  class space    used 6490K, capacity 6788K, committed 6912K, reserved 1048576K
}

